c:\users\user\source\repos\adventofcode2021\adventofcode2021\debug\vc142.pdb
c:\users\user\source\repos\adventofcode2021\adventofcode2021\debug\vc142.idb
c:\users\user\source\repos\adventofcode2021\adventofcode2021\debug\isqrt.obj
c:\users\user\source\repos\adventofcode2021\adventofcode2021\debug\advent4.obj
c:\users\user\source\repos\adventofcode2021\adventofcode2021\debug\advent3.obj
c:\users\user\source\repos\adventofcode2021\adventofcode2021\debug\advent2.obj
c:\users\user\source\repos\adventofcode2021\adventofcode2021\debug\advent25.obj
c:\users\user\source\repos\adventofcode2021\adventofcode2021\debug\advent24.obj
c:\users\user\source\repos\adventofcode2021\adventofcode2021\debug\advent23.obj
c:\users\user\source\repos\adventofcode2021\adventofcode2021\debug\advent22.obj
c:\users\user\source\repos\adventofcode2021\adventofcode2021\debug\advent21.obj
c:\users\user\source\repos\adventofcode2021\adventofcode2021\debug\advent20.obj
c:\users\user\source\repos\adventofcode2021\adventofcode2021\debug\advent1.obj
c:\users\user\source\repos\adventofcode2021\adventofcode2021\debug\advent19.obj
c:\users\user\source\repos\adventofcode2021\adventofcode2021\debug\advent18.obj
c:\users\user\source\repos\adventofcode2021\adventofcode2021\debug\advent17.obj
c:\users\user\source\repos\adventofcode2021\adventofcode2021\debug\advent16.obj
c:\users\user\source\repos\adventofcode2021\adventofcode2021\debug\advent15.obj
c:\users\user\source\repos\adventofcode2021\adventofcode2021\debug\advent14.obj
c:\users\user\source\repos\adventofcode2021\adventofcode2021\debug\advent13.obj
c:\users\user\source\repos\adventofcode2021\adventofcode2021\debug\advent12.obj
c:\users\user\source\repos\adventofcode2021\adventofcode2021\debug\advent11.obj
c:\users\user\source\repos\adventofcode2021\adventofcode2021\debug\advent10.obj
c:\users\user\source\repos\adventofcode2021\adventofcode2021\debug\parse_utils.obj
c:\users\user\source\repos\adventofcode2021\adventofcode2021\debug\md5.obj
c:\users\user\source\repos\adventofcode2021\adventofcode2021\debug\advent_of_code_testcases.obj
c:\users\user\source\repos\adventofcode2021\adventofcode2021\debug\advent9.obj
c:\users\user\source\repos\adventofcode2021\adventofcode2021\debug\advent8.obj
c:\users\user\source\repos\adventofcode2021\adventofcode2021\debug\advent7.obj
c:\users\user\source\repos\adventofcode2021\adventofcode2021\debug\advent6.obj
c:\users\user\source\repos\adventofcode2021\adventofcode2021\debug\advent5.obj
c:\users\user\source\repos\adventofcode2021\adventofcode2021\debug\main.obj
c:\users\user\source\repos\adventofcode2021\debug\adventofcode2021.exe
c:\users\user\source\repos\adventofcode2021\adventofcode2021\debug\adventofcode2021.ilk
c:\users\user\source\repos\adventofcode2021\debug\adventofcode2021.pdb
c:\users\user\source\repos\adventofcode2021\adventofcode2021\debug\advent6.obj.enc
c:\users\user\source\repos\adventofcode2021\adventofcode2021\debug\advent9.obj.enc
c:\users\user\source\repos\adventofcode2021\debug\adventofcode2021.ilk
c:\users\user\source\repos\adventofcode2021\adventofcode2021\debug\adventofcode2021.tlog\cl.command.1.tlog
c:\users\user\source\repos\adventofcode2021\adventofcode2021\debug\adventofcode2021.tlog\cl.read.1.tlog
c:\users\user\source\repos\adventofcode2021\adventofcode2021\debug\adventofcode2021.tlog\cl.write.1.tlog
c:\users\user\source\repos\adventofcode2021\adventofcode2021\debug\adventofcode2021.tlog\link.command.1.tlog
c:\users\user\source\repos\adventofcode2021\adventofcode2021\debug\adventofcode2021.tlog\link.read.1.tlog
c:\users\user\source\repos\adventofcode2021\adventofcode2021\debug\adventofcode2021.tlog\link.write.1.tlog
