  advent10.cpp
  advent11.cpp
  advent12.cpp
  advent13.cpp
  advent14.cpp
  advent15.cpp
  advent16.cpp
  advent17.cpp
  advent18.cpp
  advent19.cpp
  advent1.cpp
  advent20.cpp
  advent21.cpp
  advent22.cpp
  advent23.cpp
  advent24.cpp
  advent25.cpp
  advent2.cpp
  advent3.cpp
  advent4.cpp
  Generating Code...
  Compiling...
  advent5.cpp
  advent6.cpp
  advent7.cpp
  advent8.cpp
  advent9.cpp
  main.cpp
  advent_of_code_testcases.cpp
  isqrt.cpp
  md5.cpp
C:\Users\User\source\repos\adventofcode2022\adventofcode2022\src\md5.cpp(73,3): warning C4267: 'argument': conversion from 'size_t' to 'T', possible loss of data
          with
          [
              T=int
          ]
C:\Users\User\source\repos\adventofcode2022\adventofcode2022\src\md5.cpp(261,46): warning C4267: 'argument': conversion from 'size_t' to 'int', possible loss of data
C:\Users\User\source\repos\adventofcode2022\adventofcode2022\src\md5.cpp(321,41): warning C4267: 'argument': conversion from 'size_t' to 'int', possible loss of data
  parse_utils.cpp
  Generating Code...
  adventofcode2021.vcxproj -> C:\Users\User\source\repos\adventofcode2022\x64\Debug\adventofcode2022.exe
